setup_solver.py:main:args.cfg_fname="$repo_root/input/test_problem/newton_krylov.cfg"
gen_invoker_script.py:gen_invoker_script:generating $workdir/nk_driver.sh
setup_solver.py:main:grid_weight_fname="$workdir/depth_axis_test.nc"
setup_solver.py:main:fp_iter=0
setup_solver.py:main:init_iterate_fname="$workdir/gen_init_iterate/init_iterate.nc"
model_config.py:__init__:loading content from $repo_root/input/test_problem/tracer_module_defs.yaml
model_config.py:check_shadow_tracers:tracer module phosphorus has po4_s as a shadow for po4
model_config.py:check_shadow_tracers:tracer module phosphorus has dop_s as a shadow for dop
model_config.py:check_shadow_tracers:tracer module phosphorus has pop_s as a shadow for pop
model_config.py:__init__:reading depth_delta from $workdir/depth_axis_test.nc for grid_weight
nk_driver.py:main:using class ModelState from src.test_problem.model_state for model state
solver_state.py:__init__:"Newton" iteration now 0
tracer_module_state_base.py:log_vals:iteration=00,iterate,mean[dye_decay_001]=1.110445e-03
tracer_module_state_base.py:log_vals:iteration=00,iterate,norm[dye_decay_001]=2.635553e-03
tracer_module_state_base.py:log_vals:iteration=00,iterate,mean[dye_decay_010]=1.104466e-03
tracer_module_state_base.py:log_vals:iteration=00,iterate,norm[dye_decay_010]=2.621625e-03
tracer_module_state_base.py:log_vals:iteration=00,fcn,mean[dye_decay_001]=1.109335e-03
tracer_module_state_base.py:log_vals:iteration=00,fcn,norm[dye_decay_001]=2.389581e-03
tracer_module_state_base.py:log_vals:iteration=00,fcn,mean[dye_decay_010]=1.093476e-03
tracer_module_state_base.py:log_vals:iteration=00,fcn,norm[dye_decay_010]=2.355461e-03
solver_state.py:__init__:"Krylov" iteration now 0
tracer_module_state_base.py:log_vals:KrylovCoeff[dye_decay_001]=6.867747e-01
tracer_module_state_base.py:log_vals:KrylovCoeff[dye_decay_010]=1.398642e-01
solver_state.py:inc_iteration:"Krylov" iteration now 1
tracer_module_state_base.py:log_vals:KrylovCoeff[dye_decay_001,0]=6.885727e-01
tracer_module_state_base.py:log_vals:KrylovCoeff[dye_decay_001,1]=-4.331547e-03
tracer_module_state_base.py:log_vals:KrylovCoeff[dye_decay_010,0]=1.407264e-01
tracer_module_state_base.py:log_vals:KrylovCoeff[dye_decay_010,1]=-3.151761e-03
solver_state.py:inc_iteration:"Krylov" iteration now 2
tracer_module_state_base.py:log_vals:KrylovCoeff[dye_decay_001,0]=6.885140e-01
tracer_module_state_base.py:log_vals:KrylovCoeff[dye_decay_001,1]=-4.511646e-03
tracer_module_state_base.py:log_vals:KrylovCoeff[dye_decay_001,2]=2.764512e-04
tracer_module_state_base.py:log_vals:KrylovCoeff[dye_decay_010,0]=1.406887e-01
tracer_module_state_base.py:log_vals:KrylovCoeff[dye_decay_010,1]=-3.257244e-03
tracer_module_state_base.py:log_vals:KrylovCoeff[dye_decay_010,2]=2.368786e-04
solver_state.py:inc_iteration:"Krylov" iteration now 3
tracer_module_state_base.py:log_vals:KrylovCoeff[dye_decay_001,0]=6.885206e-01
tracer_module_state_base.py:log_vals:KrylovCoeff[dye_decay_001,1]=-4.511056e-03
tracer_module_state_base.py:log_vals:KrylovCoeff[dye_decay_001,2]=2.784920e-04
tracer_module_state_base.py:log_vals:KrylovCoeff[dye_decay_001,3]=-1.747626e-05
tracer_module_state_base.py:log_vals:KrylovCoeff[dye_decay_010,0]=1.406900e-01
tracer_module_state_base.py:log_vals:KrylovCoeff[dye_decay_010,1]=-3.256928e-03
tracer_module_state_base.py:log_vals:KrylovCoeff[dye_decay_010,2]=2.385151e-04
tracer_module_state_base.py:log_vals:KrylovCoeff[dye_decay_010,3]=-1.438177e-05
tracer_module_state_base.py:log_vals:Newton increment 00,mean[dye_decay_001]=6.668981e-01
tracer_module_state_base.py:log_vals:Newton increment 00,norm[dye_decay_001]=6.885354e-01
tracer_module_state_base.py:log_vals:Newton increment 00,mean[dye_decay_010]=1.009553e-01
tracer_module_state_base.py:log_vals:Newton increment 00,norm[dye_decay_010]=1.407279e-01
newton_solver.py:_comp_next_iterate:Armijo_ind=0
tracer_module_state_base.py:log_vals:ArmijoFactor[dye_decay_001]=1.000000e+00
tracer_module_state_base.py:log_vals:fcn_norm[dye_decay_001]=2.389581e-03
tracer_module_state_base.py:log_vals:prov_fcn_norm[dye_decay_001]=9.472255e-04
tracer_module_state_base.py:log_vals:ArmijoFactor[dye_decay_010]=1.000000e+00
tracer_module_state_base.py:log_vals:fcn_norm[dye_decay_010]=2.355461e-03
tracer_module_state_base.py:log_vals:prov_fcn_norm[dye_decay_010]=1.902959e-04
newton_solver.py:_comp_next_iterate:Armijo condition satisfied
tracer_module_state_base.py:log_vals:iteration=00,pre-fp_iter,iterate,mean[dye_decay_001]=6.680085e-01
tracer_module_state_base.py:log_vals:iteration=00,pre-fp_iter,iterate,norm[dye_decay_001]=6.900269e-01
tracer_module_state_base.py:log_vals:iteration=00,pre-fp_iter,iterate,mean[dye_decay_010]=1.020598e-01
tracer_module_state_base.py:log_vals:iteration=00,pre-fp_iter,iterate,norm[dye_decay_010]=1.428127e-01
tracer_module_state_base.py:log_vals:iteration=00,pre-fp_iter,fcn,mean[dye_decay_001]=4.427700e-04
tracer_module_state_base.py:log_vals:iteration=00,pre-fp_iter,fcn,norm[dye_decay_001]=9.472255e-04
tracer_module_state_base.py:log_vals:iteration=00,pre-fp_iter,fcn,mean[dye_decay_010]=8.895377e-05
tracer_module_state_base.py:log_vals:iteration=00,pre-fp_iter,fcn,norm[dye_decay_010]=1.902959e-04
tracer_module_state_base.py:log_vals:iteration=00,fp_iter=01,iterate,mean[dye_decay_001]=6.684513e-01
tracer_module_state_base.py:log_vals:iteration=00,fp_iter=01,iterate,norm[dye_decay_001]=6.906209e-01
tracer_module_state_base.py:log_vals:iteration=00,fp_iter=01,iterate,mean[dye_decay_010]=1.021487e-01
tracer_module_state_base.py:log_vals:iteration=00,fp_iter=01,iterate,norm[dye_decay_010]=1.429790e-01
tracer_module_state_base.py:log_vals:iteration=00,fp_iter=01,fcn,mean[dye_decay_001]=4.423275e-04
tracer_module_state_base.py:log_vals:iteration=00,fp_iter=01,fcn,norm[dye_decay_001]=9.180709e-04
tracer_module_state_base.py:log_vals:iteration=00,fp_iter=01,fcn,mean[dye_decay_010]=8.806867e-05
tracer_module_state_base.py:log_vals:iteration=00,fp_iter=01,fcn,norm[dye_decay_010]=1.827946e-04
solver_state.py:inc_iteration:"Newton" iteration now 1
tracer_module_state_base.py:log_vals:iteration=01,iterate,mean[dye_decay_001]=6.684513e-01
tracer_module_state_base.py:log_vals:iteration=01,iterate,norm[dye_decay_001]=6.906209e-01
tracer_module_state_base.py:log_vals:iteration=01,iterate,mean[dye_decay_010]=1.021487e-01
tracer_module_state_base.py:log_vals:iteration=01,iterate,norm[dye_decay_010]=1.429790e-01
tracer_module_state_base.py:log_vals:iteration=01,fcn,mean[dye_decay_001]=4.423275e-04
tracer_module_state_base.py:log_vals:iteration=01,fcn,norm[dye_decay_001]=9.180709e-04
tracer_module_state_base.py:log_vals:iteration=01,fcn,mean[dye_decay_010]=8.806867e-05
tracer_module_state_base.py:log_vals:iteration=01,fcn,norm[dye_decay_010]=1.827946e-04
solver_state.py:__init__:"Krylov" iteration now 0
tracer_module_state_base.py:log_vals:KrylovCoeff[dye_decay_001]=4.566816e-01
tracer_module_state_base.py:log_vals:KrylovCoeff[dye_decay_010]=1.224761e-02
solver_state.py:inc_iteration:"Krylov" iteration now 1
tracer_module_state_base.py:log_vals:KrylovCoeff[dye_decay_001,0]=4.569323e-01
tracer_module_state_base.py:log_vals:KrylovCoeff[dye_decay_001,1]=-2.643536e-03
tracer_module_state_base.py:log_vals:KrylovCoeff[dye_decay_010,0]=1.229673e-02
tracer_module_state_base.py:log_vals:KrylovCoeff[dye_decay_010,1]=-2.393042e-04
solver_state.py:inc_iteration:"Krylov" iteration now 2
tracer_module_state_base.py:log_vals:KrylovCoeff[dye_decay_001,0]=4.569166e-01
tracer_module_state_base.py:log_vals:KrylovCoeff[dye_decay_001,1]=-2.756364e-03
tracer_module_state_base.py:log_vals:KrylovCoeff[dye_decay_001,2]=1.725379e-04
tracer_module_state_base.py:log_vals:KrylovCoeff[dye_decay_010,0]=1.229441e-02
tracer_module_state_base.py:log_vals:KrylovCoeff[dye_decay_010,1]=-2.482033e-04
tracer_module_state_base.py:log_vals:KrylovCoeff[dye_decay_010,2]=1.940521e-05
solver_state.py:inc_iteration:"Krylov" iteration now 3
tracer_module_state_base.py:log_vals:KrylovCoeff[dye_decay_001,0]=4.569167e-01
tracer_module_state_base.py:log_vals:KrylovCoeff[dye_decay_001,1]=-2.755867e-03
tracer_module_state_base.py:log_vals:KrylovCoeff[dye_decay_001,2]=1.737798e-04
tracer_module_state_base.py:log_vals:KrylovCoeff[dye_decay_001,3]=-1.069920e-05
tracer_module_state_base.py:log_vals:KrylovCoeff[dye_decay_010,0]=1.229443e-02
tracer_module_state_base.py:log_vals:KrylovCoeff[dye_decay_010,1]=-2.481641e-04
tracer_module_state_base.py:log_vals:KrylovCoeff[dye_decay_010,2]=1.953949e-05
tracer_module_state_base.py:log_vals:KrylovCoeff[dye_decay_010,3]=-1.172442e-06
tracer_module_state_base.py:log_vals:Newton increment 01,mean[dye_decay_001]=4.427075e-01
tracer_module_state_base.py:log_vals:Newton increment 01,norm[dye_decay_001]=4.569251e-01
tracer_module_state_base.py:log_vals:Newton increment 01,mean[dye_decay_010]=8.853051e-03
tracer_module_state_base.py:log_vals:Newton increment 01,norm[dye_decay_010]=1.229695e-02
newton_solver.py:_comp_next_iterate:Armijo_ind=0
tracer_module_state_base.py:log_vals:ArmijoFactor[dye_decay_001]=1.000000e+00
tracer_module_state_base.py:log_vals:fcn_norm[dye_decay_001]=9.180709e-04
tracer_module_state_base.py:log_vals:prov_fcn_norm[dye_decay_001]=1.656910e-06
tracer_module_state_base.py:log_vals:ArmijoFactor[dye_decay_010]=1.000000e+00
tracer_module_state_base.py:log_vals:fcn_norm[dye_decay_010]=1.827946e-04
tracer_module_state_base.py:log_vals:prov_fcn_norm[dye_decay_010]=2.071450e-07
newton_solver.py:_comp_next_iterate:Armijo condition satisfied
tracer_module_state_base.py:log_vals:iteration=01,pre-fp_iter,iterate,mean[dye_decay_001]=1.111159e+00
tracer_module_state_base.py:log_vals:iteration=01,pre-fp_iter,iterate,norm[dye_decay_001]=1.147541e+00
tracer_module_state_base.py:log_vals:iteration=01,pre-fp_iter,iterate,mean[dye_decay_010]=1.110018e-01
tracer_module_state_base.py:log_vals:iteration=01,pre-fp_iter,iterate,norm[dye_decay_010]=1.552737e-01
tracer_module_state_base.py:log_vals:iteration=01,pre-fp_iter,fcn,mean[dye_decay_001]=-1.587329e-07
tracer_module_state_base.py:log_vals:iteration=01,pre-fp_iter,fcn,norm[dye_decay_001]=1.656910e-06
tracer_module_state_base.py:log_vals:iteration=01,pre-fp_iter,fcn,mean[dye_decay_010]=-2.067328e-08
tracer_module_state_base.py:log_vals:iteration=01,pre-fp_iter,fcn,norm[dye_decay_010]=2.071450e-07
tracer_module_state_base.py:log_vals:iteration=01,fp_iter=01,iterate,mean[dye_decay_001]=1.111159e+00
tracer_module_state_base.py:log_vals:iteration=01,fp_iter=01,iterate,norm[dye_decay_001]=1.147541e+00
tracer_module_state_base.py:log_vals:iteration=01,fp_iter=01,iterate,mean[dye_decay_010]=1.110018e-01
tracer_module_state_base.py:log_vals:iteration=01,fp_iter=01,iterate,norm[dye_decay_010]=1.552736e-01
tracer_module_state_base.py:log_vals:iteration=01,fp_iter=01,fcn,mean[dye_decay_001]=-1.586006e-07
tracer_module_state_base.py:log_vals:iteration=01,fp_iter=01,fcn,norm[dye_decay_001]=8.282853e-07
tracer_module_state_base.py:log_vals:iteration=01,fp_iter=01,fcn,mean[dye_decay_010]=-2.049374e-08
tracer_module_state_base.py:log_vals:iteration=01,fp_iter=01,fcn,norm[dye_decay_010]=1.024086e-07
solver_state.py:inc_iteration:"Newton" iteration now 2
nk_driver.py:main:convergence criterion satisfied
tracer_module_state_base.py:log_vals:iteration=02,iterate,mean[dye_decay_001]=1.111159e+00
tracer_module_state_base.py:log_vals:iteration=02,iterate,norm[dye_decay_001]=1.147541e+00
tracer_module_state_base.py:log_vals:iteration=02,iterate,mean[dye_decay_010]=1.110018e-01
tracer_module_state_base.py:log_vals:iteration=02,iterate,norm[dye_decay_010]=1.552736e-01
tracer_module_state_base.py:log_vals:iteration=02,fcn,mean[dye_decay_001]=-1.586006e-07
tracer_module_state_base.py:log_vals:iteration=02,fcn,norm[dye_decay_001]=8.282853e-07
tracer_module_state_base.py:log_vals:iteration=02,fcn,mean[dye_decay_010]=-2.049374e-08
tracer_module_state_base.py:log_vals:iteration=02,fcn,norm[dye_decay_010]=1.024086e-07
