setup_solver.py:main:args.cfg_fname="$repo_root/input/test_problem/newton_krylov.cfg"
gen_invoker_script.py:gen_invoker_script:generating $workdir/nk_driver.sh
setup_solver.py:main:grid_weight_fname="$workdir/depth_axis_test.nc"
setup_solver.py:main:fp_iter=0
setup_solver.py:main:init_iterate_fname="$workdir/gen_init_iterate/init_iterate.nc"
model_config.py:__init__:loading content from $repo_root/input/test_problem/tracer_module_defs.yaml
model_config.py:check_shadow_tracers:tracer module phosphorus has po4_s as a shadow for po4
model_config.py:check_shadow_tracers:tracer module phosphorus has dop_s as a shadow for dop
model_config.py:check_shadow_tracers:tracer module phosphorus has pop_s as a shadow for pop
model_config.py:__init__:reading depth_delta from $workdir/depth_axis_test.nc for grid_weight
nk_driver.py:main:using class ModelState from src.test_problem.model_state for model state
solver_state.py:__init__:"Newton" iteration now 0
tracer_module_state_base.py:log_vals:iteration=00,iterate,mean[iage]=5.680563e+02
tracer_module_state_base.py:log_vals:iteration=00,iterate,norm[iage]=6.873874e+02
tracer_module_state_base.py:log_vals:iteration=00,fcn,mean[iage]=-7.949632e-01
tracer_module_state_base.py:log_vals:iteration=00,fcn,norm[iage]=3.213539e+00
solver_state.py:__init__:"Krylov" iteration now 0
tracer_module_state_base.py:log_vals:KrylovCoeff[iage]=1.134578e+02
solver_state.py:inc_iteration:"Krylov" iteration now 1
tracer_module_state_base.py:log_vals:KrylovCoeff[iage,0]=1.211100e+02
tracer_module_state_base.py:log_vals:KrylovCoeff[iage,1]=-8.324426e+00
solver_state.py:inc_iteration:"Krylov" iteration now 2
tracer_module_state_base.py:log_vals:KrylovCoeff[iage,0]=1.210609e+02
tracer_module_state_base.py:log_vals:KrylovCoeff[iage,1]=-8.358152e+00
tracer_module_state_base.py:log_vals:KrylovCoeff[iage,2]=2.763828e-01
solver_state.py:inc_iteration:"Krylov" iteration now 3
tracer_module_state_base.py:log_vals:KrylovCoeff[iage,0]=1.210709e+02
tracer_module_state_base.py:log_vals:KrylovCoeff[iage,1]=-8.353676e+00
tracer_module_state_base.py:log_vals:KrylovCoeff[iage,2]=2.782808e-01
tracer_module_state_base.py:log_vals:KrylovCoeff[iage,3]=-1.483608e-02
tracer_module_state_base.py:log_vals:Newton increment 00,mean[iage]=-9.780850e+01
tracer_module_state_base.py:log_vals:Newton increment 00,norm[iage]=1.213591e+02
newton_solver.py:_comp_next_iterate:Armijo_ind=0
tracer_module_state_base.py:log_vals:ArmijoFactor[iage]=1.000000e+00
tracer_module_state_base.py:log_vals:fcn_norm[iage]=3.213539e+00
tracer_module_state_base.py:log_vals:prov_fcn_norm[iage]=3.494842e-04
newton_solver.py:_comp_next_iterate:Armijo condition satisfied
tracer_module_state_base.py:log_vals:iteration=00,pre-fp_iter,iterate,mean[iage]=4.702478e+02
tracer_module_state_base.py:log_vals:iteration=00,pre-fp_iter,iterate,norm[iage]=5.688460e+02
tracer_module_state_base.py:log_vals:iteration=00,pre-fp_iter,fcn,mean[iage]=-5.015315e-05
tracer_module_state_base.py:log_vals:iteration=00,pre-fp_iter,fcn,norm[iage]=3.494842e-04
tracer_module_state_base.py:log_vals:iteration=00,fp_iter=01,iterate,mean[iage]=4.702477e+02
tracer_module_state_base.py:log_vals:iteration=00,fp_iter=01,iterate,norm[iage]=5.688460e+02
tracer_module_state_base.py:log_vals:iteration=00,fp_iter=01,fcn,mean[iage]=7.187438e-06
tracer_module_state_base.py:log_vals:iteration=00,fp_iter=01,fcn,norm[iage]=1.197107e-04
solver_state.py:inc_iteration:"Newton" iteration now 1
tracer_module_state_base.py:log_vals:iteration=01,iterate,mean[iage]=4.702477e+02
tracer_module_state_base.py:log_vals:iteration=01,iterate,norm[iage]=5.688460e+02
tracer_module_state_base.py:log_vals:iteration=01,fcn,mean[iage]=7.187438e-06
tracer_module_state_base.py:log_vals:iteration=01,fcn,norm[iage]=1.197107e-04
solver_state.py:__init__:"Krylov" iteration now 0
tracer_module_state_base.py:log_vals:KrylovCoeff[iage]=4.999630e-04
solver_state.py:inc_iteration:"Krylov" iteration now 1
tracer_module_state_base.py:log_vals:KrylovCoeff[iage,0]=6.114129e-04
tracer_module_state_base.py:log_vals:KrylovCoeff[iage,1]=-1.914853e-04
solver_state.py:inc_iteration:"Krylov" iteration now 2
tracer_module_state_base.py:log_vals:KrylovCoeff[iage,0]=6.121969e-04
tracer_module_state_base.py:log_vals:KrylovCoeff[iage,1]=-1.965713e-04
tracer_module_state_base.py:log_vals:KrylovCoeff[iage,2]=9.638017e-06
solver_state.py:inc_iteration:"Krylov" iteration now 3
tracer_module_state_base.py:log_vals:KrylovCoeff[iage,0]=6.121957e-04
tracer_module_state_base.py:log_vals:KrylovCoeff[iage,1]=-1.963863e-04
tracer_module_state_base.py:log_vals:KrylovCoeff[iage,2]=9.722458e-06
tracer_module_state_base.py:log_vals:KrylovCoeff[iage,3]=-5.765890e-07
tracer_module_state_base.py:log_vals:Newton increment 01,mean[iage]=-1.830827e-04
tracer_module_state_base.py:log_vals:Newton increment 01,norm[iage]=6.429976e-04
newton_solver.py:_comp_next_iterate:Armijo_ind=0
tracer_module_state_base.py:log_vals:ArmijoFactor[iage]=1.000000e+00
tracer_module_state_base.py:log_vals:fcn_norm[iage]=1.197107e-04
tracer_module_state_base.py:log_vals:prov_fcn_norm[iage]=6.923763e-09
newton_solver.py:_comp_next_iterate:Armijo condition satisfied
tracer_module_state_base.py:log_vals:iteration=01,pre-fp_iter,iterate,mean[iage]=4.702475e+02
tracer_module_state_base.py:log_vals:iteration=01,pre-fp_iter,iterate,norm[iage]=5.688458e+02
tracer_module_state_base.py:log_vals:iteration=01,pre-fp_iter,fcn,mean[iage]=1.381653e-09
tracer_module_state_base.py:log_vals:iteration=01,pre-fp_iter,fcn,norm[iage]=6.923763e-09
tracer_module_state_base.py:log_vals:iteration=01,fp_iter=01,iterate,mean[iage]=4.702475e+02
tracer_module_state_base.py:log_vals:iteration=01,fp_iter=01,iterate,norm[iage]=5.688458e+02
tracer_module_state_base.py:log_vals:iteration=01,fp_iter=01,fcn,mean[iage]=1.032233e-11
tracer_module_state_base.py:log_vals:iteration=01,fp_iter=01,fcn,norm[iage]=1.705946e-09
solver_state.py:inc_iteration:"Newton" iteration now 2
nk_driver.py:main:convergence criterion satisfied
tracer_module_state_base.py:log_vals:iteration=02,iterate,mean[iage]=4.702475e+02
tracer_module_state_base.py:log_vals:iteration=02,iterate,norm[iage]=5.688458e+02
tracer_module_state_base.py:log_vals:iteration=02,fcn,mean[iage]=1.032233e-11
tracer_module_state_base.py:log_vals:iteration=02,fcn,norm[iage]=1.705946e-09
